[36m[Wed Mar 04 22:49:40 2026] Added new student with ID:01507385028111[0m
[36m[Wed Mar 04 22:50:23 2026] new data was save[0m
[36m[Thu Mar 05 05:46:41 2026] new data was save[0m
[36m[Thu Mar 05 09:23:06 2026] 🔵Exported CSV report for course: CS101[0m
[36m[Thu Mar 05 09:23:06 2026] 🔵Exported CSV report for course: CS102[0m
[36m[Thu Mar 05 09:23:06 2026] 🔵Exported CSV report for course: MATH201[0m
[36m[Thu Mar 05 09:23:06 2026] 🔵Exported CSV report for course: MATH202[0m
[36m[Thu Mar 05 09:23:06 2026] 🔵Exported CSV report for course: PHY101[0m
[36m[Thu Mar 05 09:23:06 2026] 🔵Exported CSV report for course: ENG101[0m
[36m[Thu Mar 05 09:23:06 2026] 🔵Exported CSV report for course: SWE201[0m
[36m[Thu Mar 05 09:23:06 2026] 🔵Exported CSV report for course: AI301[0m
[36m[Thu Mar 05 09:23:06 2026] 🔵Exported CSV report for course: KP78[0m
[36m[Thu Mar 05 09:23:08 2026] new data was save[0m
[36m[Thu Mar 05 09:54:50 2026] Admin printed all courses <on console>[0m
[36m[Thu Mar 05 09:56:12 2026] 🔵Exported CSV report for course: AI301[0m
[36m[Thu Mar 05 09:59:00 2026] new data was save[0m
[36m[Thu Mar 05 10:24:43 2026] 🔵Exported CSV report for course: AI301[0m
[36m[Thu Mar 05 10:30:23 2026] new data was save[0m
[36m[Thu Mar 05 10:31:47 2026] 🔵Exported CSV report for course: AI301[0m
[36m[Thu Mar 05 10:48:14 2026] 🔵Exported CSV report for course: AI301[0m
[36m[Thu Mar 05 10:48:43 2026] new data was save[0m
[36m[Thu Mar 05 20:39:15 2026] 🔵Exported CSV report for student: 30215155678901[0m
[36m[Thu Mar 05 20:39:24 2026] new data was save[0m
[36m[Thu Mar 05 20:44:06 2026] 🔵Exported CSV report for student: 30215155678901[0m
[36m[Thu Mar 05 20:44:09 2026] new data was save[0m
